<?xml version="1.0" encoding="UTF-8"?>
<!-- Generated by org.testng.reporters.JUnitReportReporter -->
<testsuite hostname="DESKTOP-76QVFOE" failures="0" tests="2" name="QA1.mavenJava2.SeleniumTest" time="0.009" errors="0" timestamp="2022-10-10T20:43:23 IST" skipped="0">
  <testcase classname="QA1.mavenJava2.SeleniumTest" name="login" time="0.001"/>
  <system-out/>
  <testcase classname="QA1.mavenJava2.SeleniumTest" name="URL" time="0.008"/>
  <system-out/>
</testsuite> <!-- QA1.mavenJava2.SeleniumTest -->
