<?xml version="1.0" encoding="UTF-8"?>
<!-- Generated by org.testng.reporters.JUnitReportReporter -->
<testsuite hostname="DESKTOP-76QVFOE" failures="0" tests="1" name="QA1.mavenJava2.UTTest" time="6.307" errors="0" timestamp="2022-10-18T20:40:59 IST" skipped="0">
  <testcase classname="QA1.mavenJava2.UTTest" name="startBrowser" time="6.307"/>
  <system-out/>
</testsuite> <!-- QA1.mavenJava2.UTTest -->
